<?xml version="1.0" encoding="UTF-8"?>
<testsuite name="com.education.mosbach.utils.ClassPrepTest" tests="4" skipped="0" failures="0" errors="0" timestamp="2022-04-04T09:08:33" hostname="ct-00451" time="0.001">
  <properties/>
  <testcase name="testAddNumbers(5                  ,   7                       ,   12) [0]" classname="com.education.mosbach.utils.ClassPrepTest" time="0.0"/>
  <testcase name="testAddNumbers(0                  ,   0                       ,   0) [1]" classname="com.education.mosbach.utils.ClassPrepTest" time="0.0"/>
  <testcase name="testAddNumbers(1                  ,   1                       ,   2) [2]" classname="com.education.mosbach.utils.ClassPrepTest" time="0.0"/>
  <testcase name="testAddNumbers(-3                 ,   3                       ,   0) [3]" classname="com.education.mosbach.utils.ClassPrepTest" time="0.0"/>
  <system-out><![CDATA[]]></system-out>
  <system-err><![CDATA[]]></system-err>
</testsuite>
